01-Dec-2018 12:45:33.803 INFO [main] org.apache.catalina.startup.VersionLoggerListener.log Server version:        Apache Tomcat/9.0.13
01-Dec-2018 12:45:33.803 INFO [main] org.apache.catalina.startup.VersionLoggerListener.log Server built:          Nov 2 2018 14:27:55 UTC
01-Dec-2018 12:45:33.803 INFO [main] org.apache.catalina.startup.VersionLoggerListener.log Server number:         9.0.13.0
01-Dec-2018 12:45:33.819 INFO [main] org.apache.catalina.startup.VersionLoggerListener.log OS Name:               Windows 10
01-Dec-2018 12:45:33.819 INFO [main] org.apache.catalina.startup.VersionLoggerListener.log OS Version:            10.0
01-Dec-2018 12:45:33.819 INFO [main] org.apache.catalina.startup.VersionLoggerListener.log Architecture:          amd64
01-Dec-2018 12:45:33.819 INFO [main] org.apache.catalina.startup.VersionLoggerListener.log Java Home:             C:\Program Files\Java\jdk1.8.0_171\jre
01-Dec-2018 12:45:33.819 INFO [main] org.apache.catalina.startup.VersionLoggerListener.log JVM Version:           1.8.0_171-b11
01-Dec-2018 12:45:33.819 INFO [main] org.apache.catalina.startup.VersionLoggerListener.log JVM Vendor:            Oracle Corporation
01-Dec-2018 12:45:33.819 INFO [main] org.apache.catalina.startup.VersionLoggerListener.log CATALINA_BASE:         D:\git\Java_37\New folder\apache-tomcat-9.0.13-windows-x64\apache-tomcat-9.0.13
01-Dec-2018 12:45:33.819 INFO [main] org.apache.catalina.startup.VersionLoggerListener.log CATALINA_HOME:         D:\git\Java_37\New folder\apache-tomcat-9.0.13-windows-x64\apache-tomcat-9.0.13
01-Dec-2018 12:45:33.819 INFO [main] org.apache.catalina.startup.VersionLoggerListener.log Command line argument: -Djava.util.logging.config.file=D:\git\Java_37\New folder\apache-tomcat-9.0.13-windows-x64\apache-tomcat-9.0.13\conf\logging.properties
01-Dec-2018 12:45:33.819 INFO [main] org.apache.catalina.startup.VersionLoggerListener.log Command line argument: -Djava.util.logging.manager=org.apache.juli.ClassLoaderLogManager
01-Dec-2018 12:45:33.819 INFO [main] org.apache.catalina.startup.VersionLoggerListener.log Command line argument: -Djdk.tls.ephemeralDHKeySize=2048
01-Dec-2018 12:45:33.819 INFO [main] org.apache.catalina.startup.VersionLoggerListener.log Command line argument: -Djava.protocol.handler.pkgs=org.apache.catalina.webresources
01-Dec-2018 12:45:33.819 INFO [main] org.apache.catalina.startup.VersionLoggerListener.log Command line argument: -Dignore.endorsed.dirs=
01-Dec-2018 12:45:33.819 INFO [main] org.apache.catalina.startup.VersionLoggerListener.log Command line argument: -Dcatalina.base=D:\git\Java_37\New folder\apache-tomcat-9.0.13-windows-x64\apache-tomcat-9.0.13
01-Dec-2018 12:45:33.819 INFO [main] org.apache.catalina.startup.VersionLoggerListener.log Command line argument: -Dcatalina.home=D:\git\Java_37\New folder\apache-tomcat-9.0.13-windows-x64\apache-tomcat-9.0.13
01-Dec-2018 12:45:33.819 INFO [main] org.apache.catalina.startup.VersionLoggerListener.log Command line argument: -Djava.io.tmpdir=D:\git\Java_37\New folder\apache-tomcat-9.0.13-windows-x64\apache-tomcat-9.0.13\temp
01-Dec-2018 12:45:33.819 INFO [main] org.apache.catalina.core.AprLifecycleListener.lifecycleEvent Loaded APR based Apache Tomcat Native library [1.2.18] using APR version [1.6.5].
01-Dec-2018 12:45:33.819 INFO [main] org.apache.catalina.core.AprLifecycleListener.lifecycleEvent APR capabilities: IPv6 [true], sendfile [true], accept filters [false], random [true].
01-Dec-2018 12:45:33.819 INFO [main] org.apache.catalina.core.AprLifecycleListener.lifecycleEvent APR/OpenSSL configuration: useAprConnector [false], useOpenSSL [true]
01-Dec-2018 12:45:33.819 INFO [main] org.apache.catalina.core.AprLifecycleListener.initializeSSL OpenSSL successfully initialized [OpenSSL 1.1.1  11 Sep 2018]
01-Dec-2018 12:45:34.678 INFO [main] org.apache.coyote.AbstractProtocol.init Initializing ProtocolHandler ["http-nio-8080"]
01-Dec-2018 12:45:34.881 INFO [main] org.apache.tomcat.util.net.NioSelectorPool.getSharedSelector Using a shared selector for servlet write/read
01-Dec-2018 12:45:34.881 SEVERE [main] org.apache.catalina.util.LifecycleBase.handleSubClassException Failed to initialize component [Connector[HTTP/1.1-8080]]
 org.apache.catalina.LifecycleException: Protocol handler initialization failed
	at org.apache.catalina.connector.Connector.initInternal(Connector.java:976)
	at org.apache.catalina.util.LifecycleBase.init(LifecycleBase.java:136)
	at org.apache.catalina.core.StandardService.initInternal(StandardService.java:533)
	at org.apache.catalina.util.LifecycleBase.init(LifecycleBase.java:136)
	at org.apache.catalina.core.StandardServer.initInternal(StandardServer.java:883)
	at org.apache.catalina.util.LifecycleBase.init(LifecycleBase.java:136)
	at org.apache.catalina.startup.Catalina.load(Catalina.java:646)
	at org.apache.catalina.startup.Catalina.load(Catalina.java:669)
	at sun.reflect.NativeMethodAccessorImpl.invoke0(Native Method)
	at sun.reflect.NativeMethodAccessorImpl.invoke(NativeMethodAccessorImpl.java:62)
	at sun.reflect.DelegatingMethodAccessorImpl.invoke(DelegatingMethodAccessorImpl.java:43)
	at java.lang.reflect.Method.invoke(Method.java:498)
	at org.apache.catalina.startup.Bootstrap.load(Bootstrap.java:306)
	at org.apache.catalina.startup.Bootstrap.main(Bootstrap.java:491)
Caused by: java.net.BindException: Address already in use: bind
	at sun.nio.ch.Net.bind0(Native Method)
	at sun.nio.ch.Net.bind(Net.java:433)
	at sun.nio.ch.Net.bind(Net.java:425)
	at sun.nio.ch.ServerSocketChannelImpl.bind(ServerSocketChannelImpl.java:223)
	at sun.nio.ch.ServerSocketAdaptor.bind(ServerSocketAdaptor.java:74)
	at org.apache.tomcat.util.net.NioEndpoint.initServerSocket(NioEndpoint.java:236)
	at org.apache.tomcat.util.net.NioEndpoint.bind(NioEndpoint.java:210)
	at org.apache.tomcat.util.net.AbstractEndpoint.bindWithCleanup(AbstractEndpoint.java:1067)
	at org.apache.tomcat.util.net.AbstractEndpoint.init(AbstractEndpoint.java:1080)
	at org.apache.coyote.AbstractProtocol.init(AbstractProtocol.java:550)
	at org.apache.coyote.http11.AbstractHttp11Protocol.init(AbstractHttp11Protocol.java:74)
	at org.apache.catalina.connector.Connector.initInternal(Connector.java:973)
	... 13 more

01-Dec-2018 12:45:34.881 INFO [main] org.apache.coyote.AbstractProtocol.init Initializing ProtocolHandler ["ajp-nio-8009"]
01-Dec-2018 12:45:34.897 INFO [main] org.apache.tomcat.util.net.NioSelectorPool.getSharedSelector Using a shared selector for servlet write/read
01-Dec-2018 12:45:34.913 INFO [main] org.apache.catalina.startup.Catalina.load Initialization processed in 2498 ms
01-Dec-2018 12:45:35.460 INFO [main] org.apache.catalina.core.StandardService.startInternal Starting service [Catalina]
01-Dec-2018 12:45:35.460 INFO [main] org.apache.catalina.core.StandardEngine.startInternal Starting Servlet Engine: Apache Tomcat/9.0.13
01-Dec-2018 12:45:35.600 INFO [main] org.apache.catalina.startup.HostConfig.deployDirectory Deploying web application directory [D:\git\Java_37\New folder\apache-tomcat-9.0.13-windows-x64\apache-tomcat-9.0.13\webapps\docs]
01-Dec-2018 12:45:37.147 INFO [main] org.apache.catalina.startup.HostConfig.deployDirectory Deployment of web application directory [D:\git\Java_37\New folder\apache-tomcat-9.0.13-windows-x64\apache-tomcat-9.0.13\webapps\docs] has finished in [1,547] ms
01-Dec-2018 12:45:37.147 INFO [main] org.apache.catalina.startup.HostConfig.deployDirectory Deploying web application directory [D:\git\Java_37\New folder\apache-tomcat-9.0.13-windows-x64\apache-tomcat-9.0.13\webapps\examples]
01-Dec-2018 12:45:38.366 INFO [main] org.apache.catalina.startup.HostConfig.deployDirectory Deployment of web application directory [D:\git\Java_37\New folder\apache-tomcat-9.0.13-windows-x64\apache-tomcat-9.0.13\webapps\examples] has finished in [1,219] ms
01-Dec-2018 12:45:38.366 INFO [main] org.apache.catalina.startup.HostConfig.deployDirectory Deploying web application directory [D:\git\Java_37\New folder\apache-tomcat-9.0.13-windows-x64\apache-tomcat-9.0.13\webapps\host-manager]
01-Dec-2018 12:45:38.491 INFO [main] org.apache.catalina.startup.HostConfig.deployDirectory Deployment of web application directory [D:\git\Java_37\New folder\apache-tomcat-9.0.13-windows-x64\apache-tomcat-9.0.13\webapps\host-manager] has finished in [125] ms
01-Dec-2018 12:45:38.491 INFO [main] org.apache.catalina.startup.HostConfig.deployDirectory Deploying web application directory [D:\git\Java_37\New folder\apache-tomcat-9.0.13-windows-x64\apache-tomcat-9.0.13\webapps\manager]
01-Dec-2018 12:45:38.569 INFO [main] org.apache.catalina.startup.HostConfig.deployDirectory Deployment of web application directory [D:\git\Java_37\New folder\apache-tomcat-9.0.13-windows-x64\apache-tomcat-9.0.13\webapps\manager] has finished in [78] ms
01-Dec-2018 12:45:38.569 INFO [main] org.apache.catalina.startup.HostConfig.deployDirectory Deploying web application directory [D:\git\Java_37\New folder\apache-tomcat-9.0.13-windows-x64\apache-tomcat-9.0.13\webapps\ROOT]
01-Dec-2018 12:45:38.616 INFO [main] org.apache.catalina.startup.HostConfig.deployDirectory Deployment of web application directory [D:\git\Java_37\New folder\apache-tomcat-9.0.13-windows-x64\apache-tomcat-9.0.13\webapps\ROOT] has finished in [47] ms
01-Dec-2018 12:45:38.616 INFO [main] org.apache.coyote.AbstractProtocol.start Starting ProtocolHandler ["ajp-nio-8009"]
01-Dec-2018 12:45:38.647 INFO [main] org.apache.catalina.startup.Catalina.start Server startup in 3727 ms
